<?xml version="1.0" encoding="UTF-8" ?>
<testsuite tests="4" failures="0" name="testRunner.Test" time="132.544" errors="0" skipped="0">
  <properties>
[...]
</properties>
  <testcase classname="Manage Address" name="validate manage address functionality #1" time="35.148"/>
  <testcase classname="Manage Address" name="validate manage address functionality #2" time="34.916"/>
  <testcase classname="Manage Address" name="validate manage address functionality #3" time="33.379"/>
  <testcase classname="Manage Address" name="validate manage address functionality #4" time="29.101"/>
</testsuite>